<?xml version="1.0" encoding="UTF-8"?>
<!-- Generated by org.testng.reporters.JUnitXMLReporter -->
<testsuite ignored="2" hostname="LT091699" failures="0" tests="12" name="Test" time="217.03" errors="0" timestamp="2023-06-15T15:46:02 IST">
  <testcase classname="test.ZigWheelsUpcomingBikes" name="OpenWebsite" time="29.902"/>
  <testcase classname="test.ZigWheelsUpcomingBikes" name="SelectBikes" time="23.925"/>
  <testcase classname="test.ZigWheelsUpcomingBikes" name="clickHonda" time="23.84"/>
  <testcase classname="test.ZigWheelsUpcomingBikes" name="displayBikeDetails" time="5.202"/>
  <testcase classname="test.ZigWheelUsedCars" name="OpenWebsite" time="32.16"/>
  <testcase classname="test.ZigWheelUsedCars" name="setLocation" time="26.111"/>
  <testcase classname="test.ZigWheelUsedCars" name="printCarName" time="0.087"/>
  <testcase classname="test.ZigWheelsGoogleSignIn" name="openWebsite" time="31.329"/>
  <testcase classname="test.ZigWheelsGoogleSignIn" name="clicksignIn" time="0.169"/>
  <testcase classname="test.ZigWheelsGoogleSignIn" name="clickGoogleSignIn" time="0.628"/>
  <testcase classname="test.ZigWheelsGoogleSignIn" name="handleBrowser" time="0.031"/>
  <testcase classname="test.ZigWheelsGoogleSignIn" name="insertingCredentials" time="5.364"/>
  <testcase classname="base.TestBase" name="@AfterTest reportend" time="0.0">
    <ignored/>
  </testcase> <!-- @AfterTest reportend -->
  <testcase classname="base.TestBase" name="@AfterTest reportend" time="0.0">
    <ignored/>
  </testcase> <!-- @AfterTest reportend -->
</testsuite> <!-- Test -->
