<?xml version="1.0" encoding="UTF-8"?>
<!-- Generated by org.testng.reporters.JUnitXMLReporter -->
<testsuite ignored="0" hostname="LT091699" failures="0" tests="5" name="Default test" time="0.299" errors="0" timestamp="2023-06-12T11:57:18 IST">
  <testcase classname="Base.TestBase" name="@BeforeClass openBrowser" time="-1.68655123831E9">
    <failure type="org.testng.TestNGException" message="
Parameter &amp;apos;browser&amp;apos; is required by BeforeClass on method openBrowser but has not been marked @Optional or defined
in C:\Users\2269271\AppData\Local\Temp\testng-eclipse-825350801\testng-customsuite.xml">
      <![CDATA[org.testng.TestNGException: 
Parameter 'browser' is required by BeforeClass on method openBrowser but has not been marked @Optional or defined
in C:\Users\2269271\AppData\Local\Temp\testng-eclipse-825350801\testng-customsuite.xml
at org.testng.internal.Parameters.createParams(Parameters.java:270)
at org.testng.internal.Parameters.createParametersForMethod(Parameters.java:358)
at org.testng.internal.Parameters.createParameters(Parameters.java:700)
at org.testng.internal.Parameters.createConfigurationParameters(Parameters.java:168)
at org.testng.internal.ConfigInvoker.invokeConfigurations(ConfigInvoker.java:302)
at org.testng.internal.TestMethodWorker.invokeBeforeClassMethods(TestMethodWorker.java:176)
at org.testng.internal.TestMethodWorker.run(TestMethodWorker.java:122)
at java.base/java.util.ArrayList.forEach(ArrayList.java:1511)
at org.testng.TestRunner.privateRun(TestRunner.java:794)
at org.testng.TestRunner.run(TestRunner.java:596)
at org.testng.SuiteRunner.runTest(SuiteRunner.java:377)
at org.testng.SuiteRunner.runSequentially(SuiteRunner.java:371)
at org.testng.SuiteRunner.privateRun(SuiteRunner.java:332)
at org.testng.SuiteRunner.run(SuiteRunner.java:276)
at org.testng.SuiteRunnerWorker.runSuite(SuiteRunnerWorker.java:53)
at org.testng.SuiteRunnerWorker.run(SuiteRunnerWorker.java:96)
at org.testng.TestNG.runSuitesSequentially(TestNG.java:1212)
at org.testng.TestNG.runSuitesLocally(TestNG.java:1134)
at org.testng.TestNG.runSuites(TestNG.java:1063)
at org.testng.TestNG.run(TestNG.java:1031)
at org.testng.remote.AbstractRemoteTestNG.run(AbstractRemoteTestNG.java:115)
at org.testng.remote.RemoteTestNG.initAndRun(RemoteTestNG.java:251)
at org.testng.remote.RemoteTestNG.main(RemoteTestNG.java:77)
]]>
    </failure>
  </testcase> <!-- @BeforeClass openBrowser -->
  <testcase classname="Test.ZigWheelsGoogleSignIn" name="@BeforeMethod setGoogleSignInCredentials" time="-1.686551238397E9">
    <skipped/>
  </testcase> <!-- @BeforeMethod setGoogleSignInCredentials -->
  <testcase classname="Test.ZigWheelsGoogleSignIn" name="@BeforeMethod setGoogleSignPage" time="-1.686551238401E9">
    <skipped/>
  </testcase> <!-- @BeforeMethod setGoogleSignPage -->
  <testcase classname="Test.ZigWheelsGoogleSignIn" name="@BeforeMethod setHandleWindows" time="-1.686551238405E9">
    <skipped/>
  </testcase> <!-- @BeforeMethod setHandleWindows -->
  <testcase classname="Test.ZigWheelsGoogleSignIn" name="@BeforeMethod setHomePage" time="-1.686551238407E9">
    <skipped/>
  </testcase> <!-- @BeforeMethod setHomePage -->
  <testcase classname="Test.ZigWheelsGoogleSignIn" name="@BeforeMethod setGoogleSignInCredentials" time="-1.686551238426E9">
    <skipped/>
  </testcase> <!-- @BeforeMethod setGoogleSignInCredentials -->
  <testcase classname="Test.ZigWheelsGoogleSignIn" name="@BeforeMethod setGoogleSignPage" time="-1.686551238438E9">
    <skipped/>
  </testcase> <!-- @BeforeMethod setGoogleSignPage -->
  <testcase classname="Test.ZigWheelsGoogleSignIn" name="@BeforeMethod setHandleWindows" time="-1.686551238445E9">
    <skipped/>
  </testcase> <!-- @BeforeMethod setHandleWindows -->
  <testcase classname="Test.ZigWheelsGoogleSignIn" name="@BeforeMethod setHomePage" time="-1.68655123845E9">
    <skipped/>
  </testcase> <!-- @BeforeMethod setHomePage -->
  <testcase classname="Test.ZigWheelsGoogleSignIn" name="@BeforeMethod setGoogleSignInCredentials" time="-1.686551238491E9">
    <skipped/>
  </testcase> <!-- @BeforeMethod setGoogleSignInCredentials -->
  <testcase classname="Test.ZigWheelsGoogleSignIn" name="@BeforeMethod setGoogleSignPage" time="-1.686551238494E9">
    <skipped/>
  </testcase> <!-- @BeforeMethod setGoogleSignPage -->
  <testcase classname="Test.ZigWheelsGoogleSignIn" name="@BeforeMethod setHandleWindows" time="-1.686551238497E9">
    <skipped/>
  </testcase> <!-- @BeforeMethod setHandleWindows -->
  <testcase classname="Test.ZigWheelsGoogleSignIn" name="@BeforeMethod setHomePage" time="-1.686551238499E9">
    <skipped/>
  </testcase> <!-- @BeforeMethod setHomePage -->
  <testcase classname="Test.ZigWheelsGoogleSignIn" name="@BeforeMethod setGoogleSignInCredentials" time="-1.686551238509E9">
    <skipped/>
  </testcase> <!-- @BeforeMethod setGoogleSignInCredentials -->
  <testcase classname="Test.ZigWheelsGoogleSignIn" name="@BeforeMethod setGoogleSignPage" time="-1.686551238511E9">
    <skipped/>
  </testcase> <!-- @BeforeMethod setGoogleSignPage -->
  <testcase classname="Test.ZigWheelsGoogleSignIn" name="@BeforeMethod setHandleWindows" time="-1.686551238514E9">
    <skipped/>
  </testcase> <!-- @BeforeMethod setHandleWindows -->
  <testcase classname="Test.ZigWheelsGoogleSignIn" name="@BeforeMethod setHomePage" time="-1.68655123852E9">
    <skipped/>
  </testcase> <!-- @BeforeMethod setHomePage -->
  <testcase classname="Test.ZigWheelsGoogleSignIn" name="@BeforeMethod setGoogleSignInCredentials" time="-1.686551238533E9">
    <skipped/>
  </testcase> <!-- @BeforeMethod setGoogleSignInCredentials -->
  <testcase classname="Test.ZigWheelsGoogleSignIn" name="@BeforeMethod setGoogleSignPage" time="-1.686551238535E9">
    <skipped/>
  </testcase> <!-- @BeforeMethod setGoogleSignPage -->
  <testcase classname="Test.ZigWheelsGoogleSignIn" name="@BeforeMethod setHandleWindows" time="-1.686551238539E9">
    <skipped/>
  </testcase> <!-- @BeforeMethod setHandleWindows -->
  <testcase classname="Test.ZigWheelsGoogleSignIn" name="@BeforeMethod setHomePage" time="-1.68655123854E9">
    <skipped/>
  </testcase> <!-- @BeforeMethod setHomePage -->
  <testcase classname="Base.TestBase" name="@AfterClass close" time="-1.68655123856E9">
    <skipped/>
  </testcase> <!-- @AfterClass close -->
  <testcase classname="Test.ZigWheelsGoogleSignIn" name="clickGoogleSignIn" time="0.0">
    <skipped/>
  </testcase> <!-- clickGoogleSignIn -->
  <testcase classname="Test.ZigWheelsGoogleSignIn" name="clicksignIn" time="0.0">
    <skipped/>
  </testcase> <!-- clicksignIn -->
  <testcase classname="Test.ZigWheelsGoogleSignIn" name="handleBrowser" time="0.0">
    <skipped/>
  </testcase> <!-- handleBrowser -->
  <testcase classname="Test.ZigWheelsGoogleSignIn" name="insertingCredentials" time="0.0">
    <skipped/>
  </testcase> <!-- insertingCredentials -->
  <testcase classname="Test.ZigWheelsGoogleSignIn" name="openWebsite" time="0.0">
    <skipped/>
  </testcase> <!-- openWebsite -->
</testsuite> <!-- Default test -->
