<?xml version="1.0" encoding="UTF-8"?>
<!-- Generated by org.testng.reporters.JUnitXMLReporter -->
<testsuite ignored="0" hostname="LT091699" failures="0" tests="3" name="Default test" time="100.829" errors="0" timestamp="2023-06-08T14:23:02 IST">
  <testcase classname="ZigWheelsTest.ZigTest" name="upcomingBikes" time="53.574"/>
  <testcase classname="ZigWheelsTest.ZigTest" name="usedCars" time="24.351"/>
  <testcase classname="ZigWheelsTest.ZigTest" name="googleSignInMessage" time="11.622"/>
</testsuite> <!-- Default test -->
