<?xml version="1.0" encoding="UTF-8"?>
<!-- Generated by org.testng.reporters.JUnitXMLReporter -->
<testsuite ignored="0" hostname="LT091699" failures="0" tests="5" name="TestGoogleSignIn" time="60.359" errors="0" timestamp="2023-06-13T13:07:51 IST">
  <testcase classname="Test.ZigWheelsGoogleSignIn" name="openWebsite" time="34.667"/>
  <testcase classname="Test.ZigWheelsGoogleSignIn" name="clicksignIn" time="0.258"/>
  <testcase classname="Test.ZigWheelsGoogleSignIn" name="clickGoogleSignIn" time="0.921"/>
  <testcase classname="Test.ZigWheelsGoogleSignIn" name="handleBrowser" time="0.028"/>
  <testcase classname="Test.ZigWheelsGoogleSignIn" name="insertingCredentials" time="5.408"/>
</testsuite> <!-- TestGoogleSignIn -->
