<?xml version="1.0" encoding="UTF-8"?>
<!-- Generated by org.testng.reporters.JUnitXMLReporter -->
<testsuite ignored="0" hostname="LT091699" failures="0" tests="4" name="TestUpcomingBikes" time="184.623" errors="0" timestamp="2023-06-13T13:06:03 IST">
  <testcase classname="Test.ZigWheelsUpcomingBikes" name="OpenWebsite" time="55.924"/>
  <testcase classname="Test.ZigWheelsUpcomingBikes" name="SelectBikes" time="30.488"/>
  <testcase classname="Test.ZigWheelsUpcomingBikes" name="clickHonda" time="23.538"/>
  <testcase classname="Test.ZigWheelsUpcomingBikes" name="displayBikeDetails" time="5.169"/>
</testsuite> <!-- TestUpcomingBikes -->
