<?xml version="1.0" encoding="UTF-8"?>
<!-- Generated by org.testng.reporters.JUnitXMLReporter -->
<testsuite ignored="0" hostname="LT091699" failures="0" tests="4" name="TestUpcomingBikes" time="92.312" errors="0" timestamp="2023-06-13T10:29:41 IST">
  <testcase classname="Test.ZigWheelsUpcomingBikes" name="OpenWebsite" time="29.686"/>
  <testcase classname="Test.ZigWheelsUpcomingBikes" name="SelectBikes" time="23.804"/>
  <testcase classname="Test.ZigWheelsUpcomingBikes" name="clickHonda" time="23.045"/>
  <testcase classname="Test.ZigWheelsUpcomingBikes" name="displayBikeDetails" time="5.312"/>
</testsuite> <!-- TestUpcomingBikes -->
