<?xml version="1.0" encoding="UTF-8"?>
<!-- Generated by org.testng.reporters.JUnitXMLReporter -->
<testsuite ignored="0" hostname="LT091699" failures="0" tests="3" name="TestUsedCars" time="86.806" errors="0" timestamp="2023-06-13T15:35:04 IST">
  <testcase classname="Test.ZigWheelUsedCars" name="OpenWebsite" time="34.731"/>
  <testcase classname="Test.ZigWheelUsedCars" name="setLocation" time="25.503"/>
  <testcase classname="Test.ZigWheelUsedCars" name="printCarName" time="0.124"/>
</testsuite> <!-- TestUsedCars -->
