<?xml version="1.0" encoding="UTF-8"?>
<!-- Generated by org.testng.reporters.JUnitXMLReporter -->
<testsuite ignored="0" hostname="LT091699" failures="0" tests="5" name="TestGoogleSignIn" time="69.64" errors="0" timestamp="2023-06-08T18:16:20 IST">
  <testcase classname="Test.ZigWheelsGoogleSignIn" name="openWebsite" time="50.745"/>
  <testcase classname="Test.ZigWheelsGoogleSignIn" name="clicksignIn" time="0.415"/>
  <testcase classname="Test.ZigWheelsGoogleSignIn" name="clickGoogleSignIn" time="0.889"/>
  <testcase classname="Test.ZigWheelsGoogleSignIn" name="handleBrowser" time="0.03"/>
  <testcase classname="Test.ZigWheelsGoogleSignIn" name="insertingCredentials" time="7.493"/>
</testsuite> <!-- TestGoogleSignIn -->
