<?xml version="1.0" encoding="UTF-8"?>
<!-- Generated by org.testng.reporters.JUnitXMLReporter -->
<testsuite ignored="0" hostname="LT091699" failures="0" tests="3" name="TestUsedCars" time="66.233" errors="0" timestamp="2023-06-13T10:30:47 IST">
  <testcase classname="Test.ZigWheelUsedCars" name="OpenWebsite" time="30.056"/>
  <testcase classname="Test.ZigWheelUsedCars" name="setLocation" time="26.484"/>
  <testcase classname="Test.ZigWheelUsedCars" name="printCarName" time="0.075"/>
</testsuite> <!-- TestUsedCars -->
