<?xml version="1.0" encoding="UTF-8"?>
<!-- Generated by org.testng.reporters.JUnitXMLReporter -->
<testsuite ignored="2" hostname="LT091699" failures="0" tests="12" name="Test" time="215.455" errors="0" timestamp="2023-06-21T18:04:07 IST">
  <testcase classname="test.ZigWheelsUpcomingBikes" name="OpenWebsite" time="48.08"/>
  <testcase classname="test.ZigWheelsUpcomingBikes" name="SelectBikes" time="24.247"/>
  <testcase classname="test.ZigWheelsUpcomingBikes" name="clickHonda" time="1.53"/>
  <testcase classname="test.ZigWheelsUpcomingBikes" name="displayBikeDetails" time="5.376"/>
  <testcase classname="test.ZigWheelUsedCars" name="OpenWebsite" time="31.303"/>
  <testcase classname="test.ZigWheelUsedCars" name="setLocation" time="25.624"/>
  <testcase classname="test.ZigWheelUsedCars" name="printCarName" time="0.09"/>
  <testcase classname="test.ZigWheelsGoogleSignIn" name="openWebsite" time="31.507"/>
  <testcase classname="test.ZigWheelsGoogleSignIn" name="clicksignIn" time="0.169"/>
  <testcase classname="test.ZigWheelsGoogleSignIn" name="clickGoogleSignIn" time="1.006"/>
  <testcase classname="test.ZigWheelsGoogleSignIn" name="handleBrowser" time="0.096"/>
  <testcase classname="test.ZigWheelsGoogleSignIn" name="insertingCredentials" time="2.203"/>
  <testcase classname="base.TestBase" name="@AfterTest reportend" time="0.0">
    <ignored/>
  </testcase> <!-- @AfterTest reportend -->
  <testcase classname="base.TestBase" name="@AfterTest reportend" time="0.0">
    <ignored/>
  </testcase> <!-- @AfterTest reportend -->
</testsuite> <!-- Test -->
