<?xml version="1.0" encoding="UTF-8"?>
<!-- Generated by org.testng.reporters.JUnitXMLReporter -->
<testsuite ignored="0" hostname="LT091699" failures="0" tests="4" name="Test" time="168.188" errors="0" timestamp="2023-06-08T17:23:08 IST">
  <testcase classname="Test.ZigWheelsUpcomingBikes" name="OpenWebsite" time="23.233"/>
  <testcase classname="Test.ZigWheelsUpcomingBikes" name="SelectBikes" time="35.591"/>
  <testcase classname="Test.ZigWheelsUpcomingBikes" name="clickHonda" time="1.262"/>
  <testcase classname="Test.ZigWheelsUpcomingBikes" name="displayBikeDetails" time="0.313"/>
</testsuite> <!-- Test -->
