<?xml version="1.0" encoding="UTF-8"?>
<testng-results ignored="0" total="3" passed="3" failed="0" skipped="0">
  <reporter-output>
  </reporter-output>
  <suite started-at="2023-06-08T14:21:21 IST" name="Default suite" finished-at="2023-06-08T14:23:02 IST" duration-ms="100829">
    <groups>
    </groups>
    <test started-at="2023-06-08T14:21:21 IST" name="Default test" finished-at="2023-06-08T14:23:02 IST" duration-ms="100829">
      <class name="ZigWheelsTest.ZigTest">
        <test-method is-config="true" signature="openBrowser()[pri:0, instance:ZigWheelsTest.ZigTest@f0da945]" started-at="2023-06-08T14:21:21 IST" name="openBrowser" finished-at="2023-06-08T14:21:30 IST" duration-ms="9436" status="PASS">
          <reporter-output>
          </reporter-output>
        </test-method> <!-- openBrowser -->
        <test-method signature="upcomingBikes()[pri:1, instance:ZigWheelsTest.ZigTest@f0da945]" started-at="2023-06-08T14:21:30 IST" name="upcomingBikes" finished-at="2023-06-08T14:22:24 IST" duration-ms="53574" status="PASS">
          <reporter-output>
          </reporter-output>
        </test-method> <!-- upcomingBikes -->
        <test-method signature="usedCars()[pri:2, instance:ZigWheelsTest.ZigTest@f0da945]" started-at="2023-06-08T14:22:24 IST" name="usedCars" finished-at="2023-06-08T14:22:48 IST" duration-ms="24351" status="PASS">
          <reporter-output>
          </reporter-output>
        </test-method> <!-- usedCars -->
        <test-method signature="googleSignInMessage()[pri:3, instance:ZigWheelsTest.ZigTest@f0da945]" started-at="2023-06-08T14:22:48 IST" name="googleSignInMessage" finished-at="2023-06-08T14:23:00 IST" duration-ms="11622" status="PASS">
          <reporter-output>
          </reporter-output>
        </test-method> <!-- googleSignInMessage -->
        <test-method is-config="true" signature="close()[pri:0, instance:ZigWheelsTest.ZigTest@f0da945]" started-at="2023-06-08T14:23:00 IST" name="close" finished-at="2023-06-08T14:23:02 IST" duration-ms="1794" status="PASS">
          <reporter-output>
          </reporter-output>
        </test-method> <!-- close -->
      </class> <!-- ZigWheelsTest.ZigTest -->
    </test> <!-- Default test -->
  </suite> <!-- Default suite -->
</testng-results>
